"../../../Checkers/Content/Materials/NormalBrown.uasset" 0
"../../../Checkers/Content/Materials/NormalBrownHighlight.uasset" 1
"../../../Checkers/Content/Materials/NormalLightBrown.uasset" 2
"../../../Checkers/Content/Materials/NormalLightBrownHighlight.uasset" 3
"../../../Checkers/Content/Materials/player1.uasset" 4
"../../../Checkers/Content/Materials/player2.uasset" 5
"../../../Checkers/Content/Materials/Selected.uasset" 6
"../../../Checkers/Content/Models/GridPiece.uasset" 7
"../../../Checkers/Content/Models/mdl_GridPiece.uasset" 8
"../../../Engine/Content/Functions/Engine_MaterialFunctions01/Opacity/CameraDepthFade.uasset" 9
"../../../Engine/Content/EngineMaterials/T_Default_Material_Grid_M.uasset" 10
"../../../Engine/Content/EngineMaterials/T_Default_Material_Grid_N.uasset" 11
"../../../Engine/Content/EngineMaterials/WorldGridMaterial.uasset" 12
"../../../Checkers/Content/Models/Piece.uasset" 13
"../../../Checkers/Content/Models/Piece_DM.uasset" 14
"../../../Checkers/Content/Models/Bench/Bench_Base_Color.uasset" 15
"../../../Checkers/Content/Models/Bench/Bench_Base_Color_Mat.uasset" 16
"../../../Checkers/Content/Models/Card/materials/GetAKing/Low_Poly_With_UV_s_ready_1001_BaseColor.uasset" 17
"../../../Checkers/Content/Models/Card/materials/GetAKing/Low_Poly_With_UV_s_ready_1001_Normal.uasset" 18
"../../../Checkers/Content/Models/Card/materials/GetAKing/Low_Poly_With_UV_s_ready_1001_OcclusionRoughnessMetallic.uasset" 19
"../../../Checkers/Content/Models/Card/materials/GetAKing/GetAKingMat.uasset" 20
"../../../Checkers/Content/Models/Card/materials/GetAKing/Low_Poly_With_UV_s_ready_1002_BaseColor.uasset" 21
"../../../Checkers/Content/Models/Card/materials/GetAKing/Low_Poly_With_UV_s_ready_1002_Normal.uasset" 22
"../../../Checkers/Content/Models/Card/materials/GetAKing/Low_Poly_With_UV_s_ready_1002_OcclusionRoughnessMetallic.uasset" 23
"../../../Checkers/Content/Models/Card/materials/GetAKing/getAKingMat2.uasset" 24
"../../../Checkers/Content/Models/Card/Low_Poly_Card.uasset" 25
"../../../Checkers/Content/Models/Card/New/Card.uasset" 26
"../../../Checkers/Content/Models/Card/New/card_lpMat.uasset" 27
"../../../Checkers/Content/Models/Card/New/Materials/Textures/card_Height.uasset" 28
"../../../Checkers/Content/Models/Card/New/Materials/Textures/card_Metallic.uasset" 29
"../../../Checkers/Content/Models/Card/New/Materials/Textures/card_Normal_DirectX.uasset" 30
"../../../Checkers/Content/Models/Card/New/Materials/Textures/card_Roughness.uasset" 31
"../../../Checkers/Content/Models/Card/New/Materials/Textures/getkingcard.uasset" 32
"../../../Checkers/Content/Models/Card/New/Materials/Textures/getKingCardMat.uasset" 33
"../../../Checkers/Content/Models/Card/New/Materials/Textures/giveyouropponentaking.uasset" 34
"../../../Checkers/Content/Models/Card/New/Materials/Textures/giveYourOponentKing.uasset" 35
"../../../Checkers/Content/Models/Card/New/Materials/Textures/losearandompiece.uasset" 36
"../../../Checkers/Content/Models/Card/New/Materials/Textures/looseARandoMPieceMat.uasset" 37
"../../../Checkers/Content/Models/Card/New/Materials/Textures/missthenextturncard.uasset" 38
"../../../Checkers/Content/Models/Card/New/Materials/Textures/missYourNextTurn.uasset" 39
"../../../Checkers/Content/Models/Card/New/Materials/Textures/opponentlosesrandompieceard.uasset" 40
"../../../Checkers/Content/Models/Card/New/Materials/Textures/oponentLoosesRandomPiece.uasset" 41
"../../../Checkers/Content/Models/Card/New/Materials/Textures/takeanextraturn.uasset" 42
"../../../Checkers/Content/Models/Card/New/Materials/Textures/takeAnExtraTurnMat.uasset" 43
"../../../Checkers/Content/Models/Chestboard/lambert1_Height.uasset" 44
"../../../Checkers/Content/Models/Chestboard/lambert1_Metallic.uasset" 45
"../../../Checkers/Content/Models/Chestboard/lambert1_Mixed_AO.uasset" 46
"../../../Checkers/Content/Models/Chestboard/lambert1_Normal.uasset" 47
"../../../Checkers/Content/Models/Coin/lambert1_Normal.uasset" 48
"../../../Checkers/Content/Models/Floor/lambert1_Height.uasset" 49
"../../../Checkers/Content/Models/Floor/lambert1_Normal.uasset" 50
"../../../Checkers/Content/Models/GridPiece/Brown/lambert1_Base_Color.uasset" 51
"../../../Checkers/Content/Models/GridPiece/Brown/lambert1_Metallic.uasset" 52
"../../../Checkers/Content/Models/GridPiece/Brown/lambert1_Mixed_AO.uasset" 53
"../../../Checkers/Content/Models/GridPiece/Brown/lambert1_Normal_DirectX.uasset" 54
"../../../Checkers/Content/Models/GridPiece/Brown/lambert1_Roughness.uasset" 55
"../../../Checkers/Content/Models/GridPiece/Brown.uasset" 56
"../../../Checkers/Content/Models/GridPiece/Cream/lambert1_Base_Color.uasset" 57
"../../../Checkers/Content/Models/GridPiece/Cream/lambert1_Metallic.uasset" 58
"../../../Checkers/Content/Models/GridPiece/Cream/lambert1_Mixed_AO.uasset" 59
"../../../Checkers/Content/Models/GridPiece/Cream/lambert1_Normal_DirectX.uasset" 60
"../../../Checkers/Content/Models/GridPiece/Cream/lambert1_Roughness.uasset" 61
"../../../Checkers/Content/Models/GridPiece/Cream.uasset" 62
"../../../Checkers/Content/Models/GridPiece/GridPiece.uasset" 63
"../../../Checkers/Content/Models/GridPiece/Brown/lambert1_Height.uasset" 64
"../../../Checkers/Content/Models/GridPiece/Brown/lambert1_Normal.uasset" 65
"../../../Checkers/Content/Models/GridPiece/Cream/lambert1_Height.uasset" 66
"../../../Checkers/Content/Models/GridPiece/Cream/lambert1_Normal.uasset" 67
"../../../Checkers/Content/Models/Pawns/King/king_gamemesh.uasset" 68
"../../../Checkers/Content/Models/Pawns/King/king_gamemesh_DM.uasset" 69
"../../../Checkers/Content/Models/Pawns/King/TogetherKing.uasset" 70
"../../../Checkers/Content/Models/Pawns/King/Animation/King_Skeleton.uasset" 71
"../../../Checkers/Content/Models/Pawns/King/Animation/King_Hit_Anim.uasset" 72
"../../../Checkers/Content/Models/Pawns/King/Animation/King_HitReverse_Anim.uasset" 73
"../../../Checkers/Content/Models/Pawns/King/Animation/King_Idle_Anim.uasset" 74
"../../../Checkers/Content/Models/Pawns/King/Animation/KnightBlueprint.uasset" 75
"../../../Checkers/Content/Models/Pawns/King/Animation/Knight_Anim_PhysicsAsset.uasset" 76
"../../../Checkers/Content/Models/Pawns/King/Textures/TexB/king_bodyB_Base_Color.uasset" 77
"../../../Checkers/Content/Models/Pawns/King/Textures/TexB/king_bodyB_Mixed_AO.uasset" 78
"../../../Checkers/Content/Models/Pawns/King/Textures/TexB/king_bodyB_Normal_DirectX.uasset" 79
"../../../Checkers/Content/Models/Pawns/King/Textures/TexB/king_bodyB_Roughness.uasset" 80
"../../../Checkers/Content/Models/Pawns/King/Textures/TexBodyB.uasset" 81
"../../../Checkers/Content/Models/Pawns/King/Textures/TexW/king_bodyW_Base_Color.uasset" 82
"../../../Checkers/Content/Models/Pawns/King/Textures/TexW/king_bodyW_Mixed_AO.uasset" 83
"../../../Checkers/Content/Models/Pawns/King/Textures/TexW/king_bodyW_Normal_DirectX.uasset" 84
"../../../Checkers/Content/Models/Pawns/King/Textures/TexW/king_bodyW_Roughness.uasset" 85
"../../../Checkers/Content/Models/Pawns/King/Textures/TexBodyW.uasset" 86
"../../../Checkers/Content/Models/Pawns/King/Textures/TexB/king_extraB_Base_Color.uasset" 87
"../../../Checkers/Content/Models/Pawns/King/Textures/TexB/king_extraB_Mixed_AO.uasset" 88
"../../../Checkers/Content/Models/Pawns/King/Textures/TexB/king_extraB_Normal_DirectX.uasset" 89
"../../../Checkers/Content/Models/Pawns/King/Textures/TexB/king_extraB_Roughness.uasset" 90
"../../../Checkers/Content/Models/Pawns/King/Textures/TexOtherB.uasset" 91
"../../../Checkers/Content/Models/Pawns/King/Textures/TexW/king_extraW_Base_Color.uasset" 92
"../../../Checkers/Content/Models/Pawns/King/Textures/TexW/king_extraW_Mixed_AO.uasset" 93
"../../../Checkers/Content/Models/Pawns/King/Textures/TexW/king_extraW_Normal_DirectX.uasset" 94
"../../../Checkers/Content/Models/Pawns/King/Textures/TexW/king_extraW_Roughness.uasset" 95
"../../../Checkers/Content/Models/Pawns/King/Textures/TexOtherW.uasset" 96
"../../../Checkers/Content/Models/Pawns/Normal/pawn_lpMat.uasset" 97
"../../../Checkers/Content/Models/Pawns/Normal/pawn_gamemesh.uasset" 98
"../../../Checkers/Content/Models/Pawns/Normal/pawn_gamemesh_DM.uasset" 99
"../../../Checkers/Content/Models/Pawns/Normal/together.uasset" 100
"../../../Checkers/Content/Models/Pawns/Normal/together_DM.uasset" 101
"../../../Checkers/Content/Models/Pawns/Normal/Animation/Pawn_Skeleton.uasset" 102
"../../../Checkers/Content/Models/Pawns/Normal/Animation/Pawn_Hitting_Anim.uasset" 103
"../../../Checkers/Content/Models/Pawns/Normal/Animation/Pawn_HittingReverse_Anim.uasset" 104
"../../../Checkers/Content/Models/Pawns/Normal/Animation/Pawn_Idle_Anim.uasset" 105
"../../../Checkers/Content/Models/Pawns/Normal/Animation/PawnAnimBlueprint.uasset" 106
"../../../Checkers/Content/Models/Pawns/Normal/Animation/PawnSkeletal_PhysicsAsset.uasset" 107
"../../../Checkers/Content/Models/Pawns/Normal/Materials/TexturesB/pawnb_Base_Color.uasset" 108
"../../../Checkers/Content/Models/Pawns/Normal/Materials/TexturesB/pawnb_Mixed_AO.uasset" 109
"../../../Checkers/Content/Models/Pawns/Normal/Materials/TexturesB/pawnb_Normal_DirectX.uasset" 110
"../../../Checkers/Content/Models/Pawns/Normal/Materials/TexturesB/pawnb_Roughness.uasset" 111
"../../../Checkers/Content/Models/Pawns/Normal/Materials/TexB.uasset" 112
"../../../Checkers/Content/Models/Pawns/Normal/Materials/TexturesW/pawnb_Roughness.uasset" 113
"../../../Checkers/Content/Models/Pawns/Normal/Materials/TexturesW/pawnw_Base_Color.uasset" 114
"../../../Checkers/Content/Models/Pawns/Normal/Materials/TexturesW/pawnw_Mixed_AO.uasset" 115
"../../../Checkers/Content/Models/Pawns/Normal/Materials/TexturesW/pawnw_Normal_DirectX.uasset" 116
"../../../Checkers/Content/Models/Pawns/Normal/Materials/TexW.uasset" 117
"../../../Checkers/Content/Models/Pawns/Spear/SpearB/spearB_Base_Color.uasset" 118
"../../../Checkers/Content/Models/Pawns/Spear/SpearB/spearB_Mixed_AO.uasset" 119
"../../../Checkers/Content/Models/Pawns/Spear/SpearB/spearB_Normal_DirectX.uasset" 120
"../../../Checkers/Content/Models/Pawns/Spear/SpearB/spearB_Roughness.uasset" 121
"../../../Checkers/Content/Models/Pawns/Spear/SpearB.uasset" 122
"../../../Checkers/Content/Models/Pawns/Spear/SpearW/spearW_Base_Color.uasset" 123
"../../../Checkers/Content/Models/Pawns/Spear/SpearW/spearW_Mixed_AO.uasset" 124
"../../../Checkers/Content/Models/Pawns/Spear/SpearW/spearW_Normal_DirectX.uasset" 125
"../../../Checkers/Content/Models/Pawns/Spear/SpearW/spearW_Roughness.uasset" 126
"../../../Checkers/Content/Models/Pawns/Spear/SpearW.uasset" 127
"../../../Checkers/Content/Models/Pawns/Spear/spear_basemesh.uasset" 128
"../../../Checkers/Content/Models/Pawns/Sword/SwordB/SwordB_Base_Color.uasset" 129
"../../../Checkers/Content/Models/Pawns/Sword/SwordB/SwordB_Mixed_AO.uasset" 130
"../../../Checkers/Content/Models/Pawns/Sword/SwordB/SwordB_Normal_DirectX.uasset" 131
"../../../Checkers/Content/Models/Pawns/Sword/SwordB/SwordB_Roughness.uasset" 132
"../../../Checkers/Content/Models/Pawns/Sword/SwordB.uasset" 133
"../../../Checkers/Content/Models/Pawns/Sword/SwordW/SwordW_Base_Color.uasset" 134
"../../../Checkers/Content/Models/Pawns/Sword/SwordW/SwordW_Mixed_AO.uasset" 135
"../../../Checkers/Content/Models/Pawns/Sword/SwordW/SwordW_Normal_DirectX.uasset" 136
"../../../Checkers/Content/Models/Pawns/Sword/SwordW/SwordW_Roughness.uasset" 137
"../../../Checkers/Content/Models/Pawns/Sword/SwordW.uasset" 138
"../../../Checkers/Content/Models/Pawns/Sword/sword_gamemesh.uasset" 139
"../../../Checkers/Content/Models/Table/Textures/lambert1_Height.uasset" 140
"../../../Checkers/Content/Models/Table/Textures/lambert1_Normal.uasset" 141
"../../../Checkers/Content/Models/Table/Textures/lambert3_Height.uasset" 142
"../../../Checkers/Content/Models/Table/Textures/lambert3_Normal.uasset" 143
"../../../Checkers/Content/Models/Tankard/Textures/Tankard_Height.uasset" 144
"../../../Checkers/Content/Models/Tankard/Textures/Tankard_Normal.uasset" 145
"../../../Checkers/Content/Models/Wall/pCube21Mat.uasset" 146
"../../../Checkers/Content/Models/Wall/Wall_Lowpoly.uasset" 147
"../../../Checkers/Content/Models/Wooden_Supports/Textures/Wooden_Supports_Base_Color.uasset" 148
"../../../Checkers/Content/Models/Wooden_Supports/Textures/Wooden_Supports_Mixed_AO.uasset" 149
"../../../Checkers/Content/Models/Wooden_Supports/Textures/Wooden_Supports_Normal_DirectX.uasset" 150
"../../../Checkers/Content/Models/Wooden_Supports/Textures/Wooden_Supports_Roughness.uasset" 151
"../../../Checkers/Content/Models/Wooden_Supports/Textures/Wooden_Supports_Base_Color_Mat.uasset" 152
"../../../Checkers/Content/UI/Textures/HUD.uasset" 153
"../../../Checkers/Content/UI/Textures/Main_Menu.uasset" 154
"../../../Engine/Content/EngineMaterials/DefaultMaterial.uasset" 155
"../../../Engine/Content/BasicShapes/Cone.uasset" 156
"../../../Engine/Content/BasicShapes/Cube.uasset" 157
"../../../Engine/Content/BasicShapes/Cylinder.uasset" 158
"../../../Engine/Content/BasicShapes/Plane.uasset" 159
"../../../Engine/Content/BasicShapes/Sphere.uasset" 160
"../../../Engine/Content/EditorLandscapeResources/DataLayer.uasset" 161
"../../../Engine/Content/EditorMaterials/GizmoMaterial.uasset" 162
"../../../Engine/Content/EditorMaterials/MAT_Groups_Toggle.uasset" 163
"../../../Engine/Content/EditorMaterials/MAT_Groups_Visibility.uasset" 164
"../../../Engine/Content/EditorMaterials/PreviewShadowIndicator.uasset" 165
"../../../Engine/Content/EditorMaterials/PreviewShadowIndicatorMaterial.uasset" 166
"../../../Engine/Content/EditorMaterials/MatineeGroups/MAT_ColorTrack.uasset" 167
"../../../Engine/Content/EditorMaterials/MatineeGroups/MAT_Groups_Anim.uasset" 168
"../../../Engine/Content/EditorMaterials/MatineeGroups/MAT_Groups_AudioMaster.uasset" 169
"../../../Engine/Content/EditorMaterials/MatineeGroups/MAT_Groups_Director.uasset" 170
"../../../Engine/Content/EditorMaterials/MatineeGroups/MAT_Groups_Event.uasset" 171
"../../../Engine/Content/EditorMaterials/MatineeGroups/MAT_Groups_Fade.uasset" 172
"../../../Engine/Content/EditorMaterials/MatineeGroups/MAT_Groups_Float.uasset" 173
"../../../Engine/Content/EditorMaterials/MatineeGroups/MAT_Groups_Move.uasset" 174
"../../../Engine/Content/EditorMaterials/MatineeGroups/MAT_Groups_Slomo.uasset" 175
"../../../Engine/Content/EditorMaterials/MatineeGroups/MAT_Groups_Sound.uasset" 176
"../../../Engine/Content/EditorMaterials/MatineeGroups/MAT_Groups_Vector.uasset" 177
"../../../Engine/Content/EditorMaterials/ParticleSystems/PSysThumbnail_NoImage.uasset" 178
"../../../Engine/Content/EditorMaterials/ParticleSystems/PSysThumbnail_OOD.uasset" 179
"../../../Engine/Content/EditorMaterials/Camera/CineMat.uasset" 180
"../../../Engine/Content/EditorMaterials/Camera/MI_CineMat_Rig.uasset" 181
"../../../Engine/Content/EditorMeshes/Camera/SM_CraneRig_Arm.uasset" 182
"../../../Engine/Content/EditorMeshes/Camera/SM_CraneRig_Base.uasset" 183
"../../../Engine/Content/EditorMeshes/Camera/SM_CraneRig_Body.uasset" 184
"../../../Engine/Content/EditorMeshes/Camera/SM_CraneRig_Mount.uasset" 185
"../../../Engine/Content/EditorMeshes/Camera/SM_RailRig_Mount.uasset" 186
"../../../Engine/Content/EditorMeshes/Camera/SM_RailRig_Track.uasset" 187
"../../../Engine/Content/EditorMeshes/ColorCalibrator/M_ChromeBall.uasset" 188
"../../../Engine/Content/EditorMeshes/ColorCalibrator/M_ClearCoat.uasset" 189
"../../../Engine/Content/EditorMeshes/ColorCalibrator/M_ClearCoatBlack.uasset" 190
"../../../Engine/Content/EditorMeshes/ColorCalibrator/Color_checker.uasset" 191
"../../../Engine/Content/EditorMeshes/ColorCalibrator/M_ColorGrid.uasset" 192
"../../../Engine/Content/EditorMeshes/ColorCalibrator/M_GreyBall.uasset" 193
"../../../Engine/Content/EditorMeshes/ColorCalibrator/SM_ColorCalibrator.uasset" 194
"../../../Engine/Content/EditorResources/BSPVertex.uasset" 195
"../../../Engine/Content/EditorResources/EmptyActor.uasset" 196
"../../../Engine/Content/EditorResources/S_Actor.uasset" 197
"../../../Engine/Content/EditorResources/S_Trigger.uasset" 198
"../../../Engine/Content/EditorResources/LightIcons/S_LightError.uasset" 199
"../../../Engine/Content/EditorResources/SequenceRecorder/Countdown.uasset" 200
"../../../Engine/Content/EditorResources/SequenceRecorder/RecordingIndicator.uasset" 201
"../../../Engine/Content/EditorSounds/Notifications/CompileFailed.uasset" 202
"../../../Engine/Content/EditorSounds/Notifications/CompileFailed_Cue.uasset" 203
"../../../Engine/Content/EditorSounds/Notifications/CompileSuccess.uasset" 204
"../../../Engine/Content/EditorSounds/Notifications/CompileStart_Cue.uasset" 205
"../../../Engine/Content/EditorSounds/Notifications/CompileSuccess_Cue.uasset" 206
"../../../Engine/Content/EngineDamageTypes/DmgTypeBP_Environmental.uasset" 207
"../../../Engine/Content/EngineDebugMaterials/HeatmapGradient.uasset" 208
"../../../Engine/Content/EngineDebugMaterials/BoneWeightMaterial.uasset" 209
"../../../Engine/Content/EngineDebugMaterials/ClothMaterial.uasset" 210
"../../../Engine/Content/EngineDebugMaterials/ClothMaterial_WF.uasset" 211
"../../../Engine/Content/EngineDebugMaterials/DebugEditorMaterial.uasset" 212
"../../../Engine/Content/EngineDebugMaterials/DebugMeshMaterial.uasset" 213
"../../../Engine/Content/EngineDebugMaterials/GeomMaterial.uasset" 214
"../../../Engine/Content/EngineFonts/Faces/RobotoBold.uasset" 215
"../../../Engine/Content/EngineFonts/Faces/RobotoBoldItalic.uasset" 216
"../../../Engine/Content/EngineFonts/Faces/RobotoItalic.uasset" 217
"../../../Engine/Content/EngineFonts/Faces/RobotoLight.uasset" 218
"../../../Engine/Content/EngineFonts/Faces/RobotoRegular.uasset" 219
"../../../Engine/Content/EngineFonts/Roboto.uasset" 220
"../../../Engine/Content/EngineFonts/Faces/RobotoTiny.uasset" 221
"../../../Engine/Content/EngineFonts/RobotoTiny.uasset" 222
"../../../Engine/Content/EngineMaterials/DefaultBloomKernel.uasset" 223
"../../../Engine/Content/EngineMaterials/DefaultBokeh.uasset" 224
"../../../Engine/Content/EngineMaterials/DefaultDiffuse.uasset" 225
"../../../Engine/Content/EngineMaterials/DefaultDeferredDecalMaterial.uasset" 226
"../../../Engine/Content/EngineMaterials/DefaultLightFunctionMaterial.uasset" 227
"../../../Engine/Content/EngineMaterials/DefaultPhysicalMaterial.uasset" 228
"../../../Engine/Content/Functions/Engine_MaterialFunctions02/Utility/BreakOutFloat2Components.uasset" 229
"../../../Engine/Content/EngineMaterials/DefaultPostProcessMaterial.uasset" 230
"../../../Engine/Content/EngineFonts/RobotoDistanceField.uasset" 231
"../../../Engine/Content/EngineMaterials/DefaultTextMaterialOpaque.uasset" 232
"../../../Engine/Content/EngineMaterials/DefaultWhiteGrid.uasset" 233
"../../../Engine/Content/EngineMaterials/EditorBrushMaterial.uasset" 234
"../../../Engine/Content/EngineMaterials/Good64x64TilingNoiseHighFreq.uasset" 235
"../../../Engine/Content/EngineMaterials/MiniFont.uasset" 236
"../../../Engine/Content/EngineMaterials/InvalidLightmapSettings.uasset" 237
"../../../Engine/Content/EngineMaterials/M_InvalidLightmapSettings.uasset" 238
"../../../Engine/Content/Functions/Engine_MaterialFunctions02/WorldPositionOffset/CameraOffset.uasset" 239
"../../../Engine/Content/EngineMaterials/PhAT_JointLimitMaterial.uasset" 240
"../../../Engine/Content/EngineMaterials/PreintegratedSkinBRDF.uasset" 241
"../../../Engine/Content/EngineMaterials/RemoveSurfaceMaterial.uasset" 242
"../../../Engine/Content/EngineMaterials/WeightMapPlaceholderTexture.uasset" 243
"../../../Engine/Content/EngineResources/WhiteSquareTexture.uasset" 244
"../../../Engine/Content/EngineMaterials/Widget3DPassThrough.uasset" 245
"../../../Engine/Content/EngineMaterials/Widget3DPassThrough_Masked.uasset" 246
"../../../Engine/Content/EngineMaterials/Widget3DPassThrough_Opaque.uasset" 247
"../../../Engine/Content/EngineMaterials/Widget3DPassThrough_Masked_OneSided.uasset" 248
"../../../Engine/Content/EngineMaterials/Widget3DPassThrough_Opaque_OneSided.uasset" 249
"../../../Engine/Content/EngineMaterials/Widget3DPassThrough_Translucent.uasset" 250
"../../../Engine/Content/EngineMaterials/Widget3DPassThrough_Translucent_OneSided.uasset" 251
"../../../Engine/Content/EngineMeshes/Cube.uasset" 252
"../../../Engine/Content/EngineMeshes/Cylinder.uasset" 253
"../../../Engine/Content/EngineMeshes/Sphere.uasset" 254
"../../../Engine/Content/EngineResources/Black.uasset" 255
"../../../Engine/Content/EngineResources/DefaultTexture.uasset" 256
"../../../Engine/Content/EngineResources/DefaultTextureCube.uasset" 257
"../../../Engine/Content/EngineResources/GradientTexture0.uasset" 258
"../../../Engine/Content/EngineSounds/Master.uasset" 259
"../../../Engine/Content/Functions/Engine_MaterialFunctions01/Shading/ConvertFromDiffSpec.uasset" 260
"../../../Engine/Content/Functions/Engine_MaterialFunctions01/Shading/PowerToRoughness.uasset" 261
"../../../Engine/Content/Maps/Templates/Thumbnails/Default.uasset" 262
"../../../Engine/Content/Maps/Templates/Thumbnails/VR-Basic.uasset" 263
"../../../Engine/Content/MobileResources/T_MobileControls_texture.uasset" 264
"../../../Engine/Content/MobileResources/T_MobileMenu2.uasset" 265
"../../../Engine/Content/MobileResources/HUD/AnalogHat.uasset" 266
"../../../Engine/Content/MobileResources/HUD/VirtualJoystick_Background.uasset" 267
"../../../Engine/Content/MobileResources/HUD/VirtualJoystick_Thumb.uasset" 268
"../../../Engine/Content/MobileResources/HUD/DefaultVirtualJoysticks.uasset" 269
"../../../Engine/Content/MobileResources/HUD/LeftVirtualJoystickOnly.uasset" 270
"../../../Engine/Content/MobileResources/HUD/MobileHUDButton1_off.uasset" 271
"../../../Engine/Content/MobileResources/HUD/MobileHUDButton1_on.uasset" 272
"../../../Engine/Content/MobileResources/HUD/MobileHUDButton2_off.uasset" 273
"../../../Engine/Content/MobileResources/HUD/MobileHUDButton2_on.uasset" 274
"../../../Engine/Content/MobileResources/HUD/MobileHUDButton3.uasset" 275
"../../../Engine/Content/MobileResources/HUD/MobileHUDButtonFire.uasset" 276
"../../../Engine/Content/MobileResources/HUD/MobileHUDDirectionPad.uasset" 277
"../../../Engine/Content/MobileResources/HUD/MobileHUDDirectionPad2.uasset" 278
"../../../Engine/Content/MobileResources/HUD/MobileHUDDirectionPad3.uasset" 279
"../../../Engine/Content/MobileResources/HUD/MobileHUDDirectionStick.uasset" 280
"../../../Engine/Content/MobileResources/HUD/T_Castle_ThumbstickInner.uasset" 281
"../../../Engine/Content/MobileResources/HUD/T_Castle_ThumbstickOutter.uasset" 282
"../../../Engine/Content/Tutorial/ContentIntroCurve.uasset" 283
"../../../Engine/Content/Tutorial/Basics/TutorialAssets/icon_tab_Levels_40x.uasset" 284
"../../../Engine/Content/Tutorial/BlueprintTutorials/TutorialAssets/BlueprintInterface_64x.uasset" 285
"../../../Engine/Content/Tutorial/BlueprintTutorials/TutorialAssets/BlueprintMacroLibrary_64x.uasset" 286
"../../../Engine/Content/Tutorial/BlueprintTutorials/TutorialAssets/Blueprint_64x.uasset" 287
"../../../Engine/Content/Tutorial/BlueprintTutorials/TutorialAssets/Tutorial_BP_Interface.uasset" 288
"../../../Engine/Content/Tutorial/Foliage/TutorialAssets/Foliage.uasset" 289
"../../../Engine/Content/Tutorial/Landscape/TutorialAssets/Landscape.uasset" 290
"../../../Engine/Content/Tutorial/Paper2D/TutorialAssets/Paper2DFlipbook_TutorialIcon.uasset" 291
"../../../Engine/Content/Tutorial/Paper2D/TutorialAssets/Paper2DSprite_TutorialIcon.uasset" 292
"../../../Engine/Content/Tutorial/SubEditors/TutorialAssets/icon_Editor_Preferences_General_40x.uasset" 293
"../../../Engine/Content/Tutorial/SubEditors/TutorialAssets/icon_ShowSkeletalMeshes_40x.uasset" 294
"../../../Engine/Content/Tutorial/SubEditors/TutorialAssets/TutorialMaterial.uasset" 295
"../../../Engine/Content/Tutorial/SubEditors/TutorialAssets/T_SmokeSubUV_8X8.uasset" 296
"../../../Engine/Content/Tutorial/SubEditors/TutorialAssets/T_soft_smoke.uasset" 297
"../../../Engine/Content/Tutorial/SubEditors/TutorialAssets/M_smoke_subUV_blackbody.uasset" 298
"../../../Engine/Content/Tutorial/SubEditors/TutorialAssets/TutorialParticleSystem.uasset" 299
"../../../Engine/Content/VREditor/Devices/Generic/GenericHMDMaterial.uasset" 300
"../../../Engine/Content/VREditor/Devices/Generic/GenericHMD.uasset" 301
"../../../Engine/Content/VREditor/FloatingText/LineMaterial.uasset" 302
"../../../Engine/Content/VREditor/FloatingText/JointSphere.uasset" 303
"../../../Engine/Content/VREditor/FloatingText/LineSegmentCylinder.uasset" 304
"../../../Engine/Content/VREditor/Fonts/VRText_RobotoLarge.uasset" 305
"../../../Engine/Content/VREditor/Fonts/VRTextMaterial.uasset" 306
"../../../Engine/Content/VREditor/Fonts/TranslucentVRTextMaterial.uasset" 307
"../../../Engine/Content/VREditor/LaserPointer/CursorPointer.uasset" 308
"../../../Engine/Content/VREditor/LaserPointer/VR_LaserPower_01.uasset" 309
"../../../Engine/Content/VREditor/TransformGizmo/TransformGizmoMaterial.uasset" 310
"../../../Engine/Content/VREditor/LaserPointer/HoverMaterial.uasset" 311
"../../../Engine/Content/VREditor/TransformGizmo/TranslucentTransformGizmoMaterial.uasset" 312
"../../../Engine/Content/VREditor/LaserPointer/TranslucentHoverMaterial.uasset" 313
"../../../Engine/Content/VREditor/LaserPointer/HoverMesh.uasset" 314
"../../../Engine/Content/VREditor/LaserPointer/LaserPointerMaterial.uasset" 315
"../../../Engine/Content/VREditor/LaserPointer/LaserPointerMaterialInst.uasset" 316
"../../../Engine/Content/VREditor/LaserPointer/TranslucentLaserPointerMaterialInst.uasset" 317
"../../../Engine/Content/VREditor/LaserPointer/LaserPointerMesh.uasset" 318
"../../../Engine/Content/VREditor/LaserPointer/LaserPointerMesh_End.uasset" 319
"../../../Engine/Content/VREditor/LaserPointer/LaserPointerMesh_Start.uasset" 320
"../../../Engine/Content/Functions/Engine_MaterialFunctions02/Utility/BreakOutFloat3Components.uasset" 321
"../../../Engine/Content/Functions/Engine_MaterialFunctions02/Math/Transform3x3Matrix.uasset" 322
"../../../Engine/Content/Functions/Engine_MaterialFunctions02/SplitComponents.uasset" 323
"../../../Engine/Content/Functions/Engine_MaterialFunctions02/Utility/MakeFloat3.uasset" 324
"../../../Engine/Content/VREditor/SnapGrid/SnapGridMaterial.uasset" 325
"../../../Engine/Content/VREditor/SnapGrid/SnapGridPlaneMesh.uasset" 326
"../../../Engine/Content/VREditor/Sounds/VR_teleport.uasset" 327
"../../../Engine/Content/VREditor/Sounds/UI/Click_on_Button_Cue.uasset" 328
"../../../Engine/Content/VREditor/Sounds/UI/Dockable_Window_Close.uasset" 329
"../../../Engine/Content/VREditor/Sounds/UI/Dockable_Window_Drop.uasset" 330
"../../../Engine/Content/VREditor/Sounds/UI/Dockable_Window_Open.uasset" 331
"../../../Engine/Content/VREditor/Sounds/UI/Dockable_Window_Pick_Up.uasset" 332
"../../../Engine/Content/VREditor/Sounds/UI/Drop_Item_From_ContentBrowser.uasset" 333
"../../../Engine/Content/VREditor/Sounds/UI/Floating_UI_Open-001.uasset" 334
"../../../Engine/Content/VREditor/Sounds/UI/Gizmo_Handle_Clicked.uasset" 335
"../../../Engine/Content/VREditor/Sounds/UI/Object_PickUp.uasset" 336
"../../../Engine/Content/VREditor/Sounds/UI/Object_Snaps_To_Another_Actor.uasset" 337
"../../../Engine/Content/VREditor/Sounds/UI/Object_Snaps_To_Grid.uasset" 338
"../../../Engine/Content/VREditor/Sounds/UI/Radial_Menu_FadeOut.uasset" 339
"../../../Engine/Content/VREditor/Sounds/UI/Scaling_Down.uasset" 340
"../../../Engine/Content/VREditor/Sounds/UI/Scaling_Up.uasset" 341
"../../../Engine/Content/VREditor/Sounds/UI/Selection_Changes.uasset" 342
"../../../Engine/Content/VREditor/Sounds/UI/Teleport_Mode_Entered.uasset" 343
"../../../Engine/Content/VREditor/Teleport/TeleportDirectionMaterial.uasset" 344
"../../../Engine/Content/VREditor/Teleport/TeleportDirectionMaterial_Inst.uasset" 345
"../../../Engine/Content/VREditor/Teleport/TeleportDirectionMesh.uasset" 346
"../../../Engine/Content/VREditor/TransformGizmo/BoundingBoxCorner.uasset" 347
"../../../Engine/Content/VREditor/TransformGizmo/BoundingBoxEdge.uasset" 348
"../../../Engine/Content/VREditor/TransformGizmo/PlaneTranslationHandle.uasset" 349
"../../../Engine/Content/VREditor/TransformGizmo/RotationHandleFull.uasset" 350
"../../../Engine/Content/VREditor/TransformGizmo/RotationHandleIndicator.uasset" 351
"../../../Engine/Content/VREditor/TransformGizmo/RotationHandleQuarter.uasset" 352
"../../../Engine/Content/VREditor/TransformGizmo/Main.uasset" 353
"../../../Engine/Content/VREditor/TransformGizmo/Xray.uasset" 354
"../../../Engine/Content/VREditor/TransformGizmo/SM_Dialog_Close.uasset" 355
"../../../Engine/Content/VREditor/TransformGizmo/SM_Dialog_Move.uasset" 356
"../../../Engine/Content/VREditor/TransformGizmo/SM_Sequencer_Key.uasset" 357
"../../../Engine/Content/VREditor/TransformGizmo/SM_Sequencer_Node.uasset" 358
"../../../Engine/Content/VREditor/TransformGizmo/StartRotationHandleIndicator.uasset" 359
"../../../Engine/Content/VREditor/TransformGizmo/TranslucentTransformGizmoMaterial_Inst.uasset" 360
"../../../Engine/Content/VREditor/TransformGizmo/TransformGizmoFreeRotation.uasset" 361
"../../../Engine/Content/VREditor/TransformGizmo/TransformGizmoMaterial_Inst.uasset" 362
"../../../Engine/Content/VREditor/TransformGizmo/TranslateArrowHandle.uasset" 363
"../../../Engine/Content/VREditor/TransformGizmo/UniformScaleHandle.uasset" 364
"../../../Engine/Content/VREditor/UI/KeyDiskMaterial.uasset" 365
"../../../Engine/Content/VREditor/UI/DiscMaterial.uasset" 366
"../../../Engine/Content/VREditor/UI/SM_Radial_Disk.uasset" 367
"../../../Engine/Content/Functions/Engine_MaterialFunctions01/Gradient/RadialGradient.uasset" 368
"../../../Engine/Content/VREditor/WorldMovementGrid/SimpleGrid.uasset" 369
"../../../Engine/Content/VREditor/WorldMovementGrid/GridMaterial.uasset" 370
"../../../Engine/Content/Functions/Engine_MaterialFunctions01/Density/ExponentialDensity.uasset" 371
"../../../Engine/Content/VREditor/WorldMovementGrid/GridPostProcess.uasset" 372
"../../../Engine/Content/EditorLandscapeResources/FlattenHeightMat.uasset" 373
"../../../Engine/Content/VREditor/WorldMovementGrid/PlaneMesh.uasset" 374
"../../../Engine/Plugins/2D/Paper2D/Content/PlaceholderTextures/DummySpriteTexture.uasset" 375
"../../../Engine/Plugins/2D/Paper2D/Content/DummySprite.uasset" 376
"../../../Engine/Plugins/2D/Paper2D/Content/DefaultPaperTerrainMaterial.uasset" 377
"../../../Engine/Plugins/2D/Paper2D/Content/DefaultSpriteMaterial.uasset" 378
"../../../Engine/Plugins/2D/Paper2D/Content/MaskedUnlitSpriteMaterial.uasset" 379
"../../../Engine/Plugins/2D/Paper2D/Content/OpaqueUnlitSpriteMaterial.uasset" 380
"../../../Engine/Plugins/Media/MediaCompositing/Content/DefaultMediaPlaneMaterial.uasset" 381
"../../../Engine/Content/Functions/Engine_MaterialFunctions02/Utility/MakeFloat4.uasset" 382
"../../../Engine/Plugins/Runtime/AppleARKit/Content/ARKitCameraMaterial.uasset" 383
"../../../Engine/Plugins/Runtime/Oculus/OculusVR/Content/Textures/GearVRController_AO.uasset" 384
"../../../Engine/Plugins/Runtime/Oculus/OculusVR/Content/Textures/GearVRController_Color.uasset" 385
"../../../Engine/Plugins/Runtime/Oculus/OculusVR/Content/Textures/GearVRController_Normal.uasset" 386
"../../../Engine/Plugins/Runtime/Oculus/OculusVR/Content/Materials/GearVRControllerMaterial.uasset" 387
"../../../Engine/Plugins/Runtime/Oculus/OculusVR/Content/Meshes/GearVrController.uasset" 388
"../../../Checkers/Content/UI/Textures/ACCEPT_CARD_.uasset" 389
"../../../Checkers/Content/UI/Textures/Complete_Logo_3d_copy_2.uasset" 390
"../../../Checkers/Content/UI/Textures/Glow.uasset" 391
"../../../Checkers/Content/UI/Textures/HUD_Final.uasset" 392
"../../../Checkers/Content/UI/Textures/MAIN_MENU_.uasset" 393
"../../../Checkers/Content/UI/Textures/Mainmenu/Q___E_ROTATE_CAMERA.uasset" 394
"../../../Checkers/Content/UI/Textures/No.uasset" 395
"../../../Checkers/Content/UI/Textures/NOT_YOUR_PIECE.uasset" 396
"../../../Checkers/Content/UI/Textures/Player_1_Win.uasset" 397
"../../../Checkers/Content/UI/Textures/Player_2_Win.uasset" 398
"../../../Checkers/Content/UI/Textures/Player_Timer_Block.uasset" 399
"../../../Checkers/Content/UI/Textures/Yes.uasset" 400
"../../../Checkers/Content/UI/GameHUD.uasset" 401
"../../../Checkers/Content/Blueprints/CheckersPlayerController.uasset" 402
"../../../Checkers/Content/Blueprints/MainCheckersGamemode.uasset" 403
"../../../Checkers/Content/Scenes/MainMenu_BuiltData.uasset" 404
"../../../Checkers/Content/UI/Textures/Mainmenu/Back.uasset" 405
"../../../Checkers/Content/UI/Textures/Mainmenu/Complete_Logo_3d_copy.uasset" 406
"../../../Checkers/Content/UI/Textures/Mainmenu/Exit_Game.uasset" 407
"../../../Checkers/Content/UI/Textures/Mainmenu/Mute.uasset" 408
"../../../Checkers/Content/UI/Textures/Mainmenu/New_Game.uasset" 409
"../../../Checkers/Content/UI/Textures/Mainmenu/Settings.uasset" 410
"../../../Checkers/Content/UI/Textures/Mainmenu/Slider_Ball.uasset" 411
"../../../Checkers/Content/UI/Textures/Mainmenu/Tutorial.uasset" 412
"../../../Checkers/Content/UI/Textures/Mainmenu/Tutorial_Screen.uasset" 413
"../../../Checkers/Content/UI/Textures/Mainmenu/Un-Mute.uasset" 414
"../../../Checkers/Content/UI/Textures/Mainmenu/Volume_Music_Quality.uasset" 415
"../../../Checkers/Content/UI/MainMenu.uasset" 416
"../../../Checkers/Content/Scenes/MainMenu.umap" 417
"../../../Engine/Content/EditorBlueprintResources/StandardMacros.uasset" 418
"../../../Engine/Content/EngineSky/C_Sky_Cloud_Color.uasset" 419
"../../../Engine/Content/EngineSky/C_Sky_Horizon_Color.uasset" 420
"../../../Engine/Content/EngineSky/C_Sky_Zenith_Color.uasset" 421
"../../../Engine/Content/EngineSky/T_Sky_Blue.uasset" 422
"../../../Engine/Content/EngineSky/T_Sky_Clouds_M.uasset" 423
"../../../Engine/Content/EngineSky/T_Sky_Stars.uasset" 424
"../../../Engine/Content/EngineSky/M_Sky_Panning_Clouds2.uasset" 425
"../../../Engine/Content/EngineSky/SM_SkySphere.uasset" 426
"../../../Engine/Content/EngineSky/BP_Sky_Sphere.uasset" 427
"../../../Checkers/Content/Scenes/OldGameScene.umap" 428
"../../../Checkers/Content/Scenes/Tavern_BuiltData.uasset" 429
"../../../Checkers/Content/Models/Bench/Bench_Mixed_AO.uasset" 430
"../../../Checkers/Content/Models/Bench/Bench_Normal_DirectX.uasset" 431
"../../../Checkers/Content/Models/Bench/Bench_Roughness.uasset" 432
"../../../Checkers/Content/Models/Bench/Bench1.uasset" 433
"../../../Checkers/Content/Models/Chestboard/lambert1_Base_Color.uasset" 434
"../../../Checkers/Content/Models/Chestboard/lambert1_Normal_DirectX.uasset" 435
"../../../Checkers/Content/Models/Chestboard/lambert1_Roughness.uasset" 436
"../../../Checkers/Content/Models/Chestboard/lambert1.uasset" 437
"../../../Checkers/Content/Models/Table/Textures/lambert1_Base_Color.uasset" 438
"../../../Checkers/Content/Models/Table/Textures/lambert1_Metallic.uasset" 439
"../../../Checkers/Content/Models/Table/Textures/lambert1_Mixed_AO.uasset" 440
"../../../Checkers/Content/Models/Table/Textures/lambert1_Normal_DirectX.uasset" 441
"../../../Checkers/Content/Models/Table/Textures/lambert1_Roughness.uasset" 442
"../../../Checkers/Content/Models/Table/lambert1.uasset" 443
"../../../Checkers/Content/Models/Table/Textures/lambert3_Base_Color.uasset" 444
"../../../Checkers/Content/Models/Table/Textures/lambert3_Metallic.uasset" 445
"../../../Checkers/Content/Models/Table/Textures/lambert3_Mixed_AO.uasset" 446
"../../../Checkers/Content/Models/Table/Textures/lambert3_Normal_DirectX.uasset" 447
"../../../Checkers/Content/Models/Table/Textures/lambert3_Roughness.uasset" 448
"../../../Checkers/Content/Models/Table/lambert3.uasset" 449
"../../../Checkers/Content/Models/Tankard/Textures/Tankard_Base_Color.uasset" 450
"../../../Checkers/Content/Models/Tankard/Textures/Tankard_Metallic.uasset" 451
"../../../Checkers/Content/Models/Tankard/Textures/Tankard_Mixed_AO.uasset" 452
"../../../Checkers/Content/Models/Tankard/Textures/Tankard_Normal_DirectX.uasset" 453
"../../../Checkers/Content/Models/Tankard/Textures/Tankard_Roughness.uasset" 454
"../../../Checkers/Content/Models/Tankard/lambert1.uasset" 455
"../../../Checkers/Content/Models/Wall/Textures/lambert1_Base_Color.uasset" 456
"../../../Checkers/Content/Models/Wall/Textures/lambert1_Mixed_AO.uasset" 457
"../../../Checkers/Content/Models/Wall/Textures/lambert1_Normal_DirectX.uasset" 458
"../../../Checkers/Content/Models/Wall/Textures/lambert1_Roughness.uasset" 459
"../../../Checkers/Content/Models/Wall/Textures/Wall.uasset" 460
"../../../Checkers/Content/Models/Wooden_Supports/lambert1.uasset" 461
"../../../Checkers/Content/Models/Bench/Bench.uasset" 462
"../../../Checkers/Content/Models/Chestboard/Board.uasset" 463
"../../../Checkers/Content/Models/Coin/lambert1_Base_Color.uasset" 464
"../../../Checkers/Content/Models/Coin/lambert1_Metallic.uasset" 465
"../../../Checkers/Content/Models/Coin/lambert1_Mixed_AO.uasset" 466
"../../../Checkers/Content/Models/Coin/lambert1_Normal_DirectX.uasset" 467
"../../../Checkers/Content/Models/Coin/lambert1_Roughness.uasset" 468
"../../../Checkers/Content/Models/Coin/lambert1.uasset" 469
"../../../Checkers/Content/Models/Coin/Coin_low.uasset" 470
"../../../Checkers/Content/Models/Floor/lambert1_Base_Color.uasset" 471
"../../../Checkers/Content/Models/Floor/lambert1_Metallic.uasset" 472
"../../../Checkers/Content/Models/Floor/lambert1_Mixed_AO.uasset" 473
"../../../Checkers/Content/Models/Floor/lambert1_Normal_DirectX.uasset" 474
"../../../Checkers/Content/Models/Floor/lambert1_Roughness.uasset" 475
"../../../Checkers/Content/Models/Floor/lambert1.uasset" 476
"../../../Checkers/Content/Models/Floor/Floor__lowpoly_.uasset" 477
"../../../Checkers/Content/Models/Shield/lambert1_Base_Color.uasset" 478
"../../../Checkers/Content/Models/Shield/lambert1_Metallic.uasset" 479
"../../../Checkers/Content/Models/Shield/lambert1_Mixed_AO.uasset" 480
"../../../Checkers/Content/Models/Shield/lambert1_Normal_DirectX.uasset" 481
"../../../Checkers/Content/Models/Shield/lambert1_Roughness.uasset" 482
"../../../Checkers/Content/Models/Shield/lambert1.uasset" 483
"../../../Checkers/Content/Models/Shield/Low.uasset" 484
"../../../Checkers/Content/Models/Table/Low_Poly_Table.uasset" 485
"../../../Checkers/Content/Models/Tankard/Tankard_low_poly.uasset" 486
"../../../Checkers/Content/Models/Wall/lambert1.uasset" 487
"../../../Checkers/Content/Models/Wall/Wall_plaster.uasset" 488
"../../../Checkers/Content/Models/Wooden_Supports/Wooden_Support__low_poly_.uasset" 489
"../../../Checkers/Content/Models/Wooden_Supports/Wooden_Support_simple__low_poly_.uasset" 490
"../../../Checkers/Content/UI/Textures/Resume.uasset" 491
"../../../Checkers/Content/UI/PauseMenu.uasset" 492
"../../../Checkers/Content/Scenes/Tavern.umap" 493
"../../../Engine/Content/Maps/Entry.umap" 494
